<?xml version="1.0" encoding="UTF-8"?>
<testsuite name="helloworld_tests.TestStringMethods-20221106180553" tests="3" file="helloworld_tests.py" time="0.004" timestamp="2022-11-06T18:05:53" failures="0" errors="0" skipped="0">
	<testcase classname="helloworld_tests.TestStringMethods" name="test_isupper" time="0.001" timestamp="2022-11-06T18:05:53"/>
	<testcase classname="helloworld_tests.TestStringMethods" name="test_split" time="0.001" timestamp="2022-11-06T18:05:53"/>
	<testcase classname="helloworld_tests.TestStringMethods" name="test_upper" time="0.001" timestamp="2022-11-06T18:05:53"/>
</testsuite>
